<?xml version="1.0" encoding="UTF-8"?>
<!-- Generated by org.testng.reporters.JUnitXMLReporter -->
<testsuite ignored="1" hostname="LFR035411" failures="0" tests="5" name="Default test" time="0.075" errors="0" timestamp="2020-01-16T10:24:02 CET">
  <testcase classname="tets.BasicExtentReport" name="@BeforeTest startReport" time="-1.57916664233E9">
    <failure type="org.testng.TestNGException" message="
Parameter &amp;apos;OS&amp;apos; is required by BeforeTest on method startReport but has not been marked @Optional or defined
in C:\Users\mchibani\AppData\Local\Temp\testng-eclipse-60026750\testng-customsuite.xml">
      <![CDATA[org.testng.TestNGException: 
Parameter 'OS' is required by BeforeTest on method startReport but has not been marked @Optional or defined
in C:\Users\mchibani\AppData\Local\Temp\testng-eclipse-60026750\testng-customsuite.xml
at org.testng.internal.Parameters.createParams(Parameters.java:289)
at org.testng.internal.Parameters.createParametersForMethod(Parameters.java:377)
at org.testng.internal.Parameters.createParameters(Parameters.java:721)
at org.testng.internal.Parameters.createConfigurationParameters(Parameters.java:164)
at org.testng.internal.ConfigInvoker.invokeConfigurations(ConfigInvoker.java:275)
at org.testng.TestRunner.invokeTestConfigurations(TestRunner.java:623)
at org.testng.TestRunner.beforeRun(TestRunner.java:613)
at org.testng.TestRunner.run(TestRunner.java:584)
at org.testng.SuiteRunner.runTest(SuiteRunner.java:402)
at org.testng.SuiteRunner.runSequentially(SuiteRunner.java:396)
at org.testng.SuiteRunner.privateRun(SuiteRunner.java:355)
at org.testng.SuiteRunner.run(SuiteRunner.java:304)
at org.testng.SuiteRunnerWorker.runSuite(SuiteRunnerWorker.java:53)
at org.testng.SuiteRunnerWorker.run(SuiteRunnerWorker.java:96)
at org.testng.TestNG.runSuitesSequentially(TestNG.java:1180)
at org.testng.TestNG.runSuitesLocally(TestNG.java:1102)
at org.testng.TestNG.runSuites(TestNG.java:1032)
at org.testng.TestNG.run(TestNG.java:1000)
at org.testng.remote.AbstractRemoteTestNG.run(AbstractRemoteTestNG.java:115)
at org.testng.remote.RemoteTestNG.initAndRun(RemoteTestNG.java:251)
at org.testng.remote.RemoteTestNG.main(RemoteTestNG.java:77)
]]>
    </failure>
  </testcase> <!-- @BeforeTest startReport -->
  <testcase classname="tets.BasicExtentReport" name="@AfterMethod getResult" time="-1.579166642373E9">
    <skipped/>
  </testcase> <!-- @AfterMethod getResult -->
  <testcase classname="tets.BasicExtentReport" name="@AfterMethod getResult" time="-1.579166642378E9">
    <skipped/>
  </testcase> <!-- @AfterMethod getResult -->
  <testcase classname="tets.BasicExtentReport" name="@AfterMethod getResult" time="-1.579166642384E9">
    <skipped/>
  </testcase> <!-- @AfterMethod getResult -->
  <testcase classname="tets.BasicExtentReport" name="@AfterMethod getResult" time="-1.57916664239E9">
    <skipped/>
  </testcase> <!-- @AfterMethod getResult -->
  <testcase classname="tets.BasicExtentReport" name="@AfterMethod getResult" time="-1.579166642395E9">
    <skipped/>
  </testcase> <!-- @AfterMethod getResult -->
  <testcase classname="tets.BasicExtentReport" name="@AfterTest tearDown" time="-1.579166642399E9">
    <skipped/>
  </testcase> <!-- @AfterTest tearDown -->
  <testcase classname="tets.BasicExtentReport" name="maher" time="0.0">
    <skipped/>
  </testcase> <!-- maher -->
  <testcase classname="tets.BasicExtentReport" name="testCase2" time="0.0">
    <skipped/>
  </testcase> <!-- testCase2 -->
  <testcase classname="tets.BasicExtentReport" name="testCase3" time="0.0">
    <skipped/>
  </testcase> <!-- testCase3 -->
  <testcase classname="tets.BasicExtentReport" name="testCase4" time="0.0">
    <skipped/>
  </testcase> <!-- testCase4 -->
  <testcase classname="tets.BasicExtentReport" name="testCase5" time="0.0">
    <skipped/>
  </testcase> <!-- testCase5 -->
  <testcase classname="tets.BasicExtentReport" name="testCase6" time="0.0">
    <ignored/>
  </testcase> <!-- testCase6 -->
</testsuite> <!-- Default test -->
