<?xml version="1.0" encoding="UTF-8"?>
<!-- Generated by org.testng.reporters.JUnitXMLReporter -->
<testsuite ignored="1" hostname="LFR035411" failures="2" tests="5" name="Test" time="0.43" errors="0" timestamp="2020-01-16T10:23:46 CET">
  <testcase classname="tets.BasicExtentReport" name="maher" time="0.009">
    <failure type="java.lang.AssertionError" message="did not expect to find [true] but found [false]">
      <![CDATA[java.lang.AssertionError: did not expect to find [true] but found [false]
at tets.BasicExtentReport.maher(BasicExtentReport.java:55)
at java.base/java.util.ArrayList.forEach(ArrayList.java:1507)
... Removed 31 stack frames]]>
    </failure>
  </testcase> <!-- maher -->
  <testcase classname="tets.BasicExtentReport" name="testCase2" time="0.002"/>
  <testcase classname="tets.BasicExtentReport" name="testCase3" time="0.001"/>
  <testcase classname="tets.BasicExtentReport" name="testCase4" time="0.002">
    <failure type="java.lang.AssertionError" message="did not expect to find [true] but found [false]">
      <![CDATA[java.lang.AssertionError: did not expect to find [true] but found [false]
at tets.BasicExtentReport.testCase4(BasicExtentReport.java:73)
at java.base/java.util.ArrayList.forEach(ArrayList.java:1507)
... Removed 31 stack frames]]>
    </failure>
  </testcase> <!-- testCase4 -->
  <testcase classname="tets.BasicExtentReport" name="testCase5" time="0.001">
    <skipped/>
  </testcase> <!-- testCase5 -->
  <testcase classname="tets.BasicExtentReport" name="testCase6" time="0.0">
    <ignored/>
  </testcase> <!-- testCase6 -->
</testsuite> <!-- Test -->
